[2018-04-16 17:01 Europe/Paris] Mangopay Payment Error: error while saving data in MangopayConfig.
[2018-04-16 17:08 Europe/Paris] Mangopay Payment Error: error while saving data in MangopayConfig.
[2018-04-20 17:00 Europe/Paris] MangopayTransferDetails Save Error : Error occured while making entry with the details :: transfer id - 321453317, Seller Id - 90, order_Id - 34 , Function transferMangoPayAmount()
[2018-04-24 13:13 Europe/Paris] MangopayTransferDetails Save Error : Error occured while making entry with the details :: transfer id - 323107081, Seller Id - 79, order_Id - 35 , Function transferMangoPayAmount()
[2018-04-24 13:13 Europe/Paris] MangopayTransferDetails Save Error : Error occured while making entry with the details :: transfer id - 323107082, Seller Id - 0, order_Id - 35 , Function transferMangoPayAmount()
[2018-04-26 16:57 Europe/Paris] MangopayTransferDetails Save Error : Error occured while making entry with the details :: transfer id - 324281049, Seller Id - 90, order_Id - 36 , Function transferMangoPayAmount()
[2018-04-26 17:22 Europe/Paris] MangopayTransferDetails Save Error : Error occured while making entry with the details :: transfer id - 324293920, Seller Id - 90, order_Id - 37 , Function transferMangoPayAmount()
[2018-04-26 17:28 Europe/Paris] MangopayTransferDetails Save Error : Error occured while making entry with the details :: transfer id - 324296968, Seller Id - 90, order_Id - 37 , Function transferMangoPayAmount()
[2018-04-27 10:25 Europe/Paris] MangopayTransferDetails Save Error : Error occured while making entry with the details :: transfer id - 324639541, Seller Id - 90, order_Id - 38 , Function transferMangoPayAmount()
[2018-04-27 10:25 Europe/Paris] MangopayTransferDetails Save Error : Error occured while making entry with the details :: transfer id - 324639546, Seller Id - 0, order_Id - 38 , Function transferMangoPayAmount()
[2018-04-27 15:20 Europe/Paris] MangopayTransferDetails Save Error : Error occured while making entry with the details :: transfer id - 324800727, Seller Id - 0, order_Id - 39 , Function transferMangoPayAmount()
[2018-05-04 10:02 Europe/Paris] MangopayTransferDetails Save Error : Error occured while making entry with the details :: transfer id - 328078423, Seller Id - 90, order_Id - 40 , Function transferMangoPayAmount()
[2018-05-04 10:02 Europe/Paris] MangopayTransferDetails Save Error : Error occured while making entry with the details :: transfer id - 328078425, Seller Id - 0, order_Id - 40 , Function transferMangoPayAmount()
[2018-05-09 16:40 Europe/Paris] MangopayTransferDetails Save Error : Error occured while making entry with the details :: transfer id - 330557373, Seller Id - 77, order_Id - 41 , Function transferMangoPayAmount()
[2018-05-09 16:40 Europe/Paris] MangopayTransferDetails Save Error : Error occured while making entry with the details :: transfer id - 330557382, Seller Id - 0, order_Id - 41 , Function transferMangoPayAmount()
[2018-05-23 09:24 Europe/Paris] MangopayTransferDetails Save Error : Error occured while making entry with the details :: transfer id - 337230557, Seller Id - 90, order_Id - 47 , Function transferMangoPayAmount()
[2018-05-23 09:24 Europe/Paris] MangopayTransferDetails Save Error : Error occured while making entry with the details :: transfer id - 337230561, Seller Id - 0, order_Id - 47 , Function transferMangoPayAmount()
[2018-05-24 14:39 Europe/Paris] MangopayTransferDetails Save Error : Error occured while making entry with the details :: transfer id - 337949619, Seller Id - 90, order_Id - 48 , Function transferMangoPayAmount()
[2018-05-24 14:39 Europe/Paris] MangopayTransferDetails Save Error : Error occured while making entry with the details :: transfer id - 337949624, Seller Id - 0, order_Id - 48 , Function transferMangoPayAmount()
[2018-05-30 09:31 Europe/Paris] MangopayTransferDetails Save Error : Error occured while making entry with the details :: transfer id - 340755297, Seller Id - 90, order_Id - 49 , Function transferMangoPayAmount()
[2018-05-30 09:31 Europe/Paris] MangopayTransferDetails Save Error : Error occured while making entry with the details :: transfer id - 340755299, Seller Id - 0, order_Id - 49 , Function transferMangoPayAmount()
[2018-06-07 15:37 Europe/Paris] MangopayTransferDetails Save Error : Error occured while making entry with the details :: transfer id - 345279609, Seller Id - 100, order_Id - 50 , Function transferMangoPayAmount()
[2018-06-08 17:29 Europe/Paris] MangopayTransferDetails Save Error : Error occured while making entry with the details :: transfer id - 345953197, Seller Id - 94, order_Id - 51 , Function transferMangoPayAmount()
[2018-06-08 17:29 Europe/Paris] MangopayTransferDetails Save Error : Error occured while making entry with the details :: transfer id - 345953201, Seller Id - 0, order_Id - 51 , Function transferMangoPayAmount()
[2018-06-12 16:44 Europe/Paris] MangopayTransferDetails Save Error : Error occured while making entry with the details :: transfer id - 347888287, Seller Id - 100, order_Id - 52 , Function transferMangoPayAmount()
[2018-06-19 15:25 Europe/Paris] MangopayTransferDetails Save Error : Error occured while making entry with the details :: transfer id - 351443528, Seller Id - 90, order_Id - 53 , Function transferMangoPayAmount()
[2018-08-08 20:13 Europe/Paris] MangopayTransferDetails Save Error : Error occured while making entry with the details :: transfer id - 377493459, Seller Id - 110, order_Id - 55 , Function transferMangoPayAmount()
[2018-08-08 20:13 Europe/Paris] MangopayTransferDetails Save Error : Error occured while making entry with the details :: transfer id - 377493464, Seller Id - 0, order_Id - 55 , Function transferMangoPayAmount()
[2018-08-09 16:18 Europe/Paris] MangopayTransferDetails Save Error : Error occured while making entry with the details :: transfer id - 377808802, Seller Id - 110, order_Id - 56 , Function transferMangoPayAmount()
[2018-08-09 16:18 Europe/Paris] MangopayTransferDetails Save Error : Error occured while making entry with the details :: transfer id - 377808805, Seller Id - 0, order_Id - 56 , Function transferMangoPayAmount()
[2018-08-22 20:09 Europe/Paris] MangopayTransferDetails Save Error : Error occured while making entry with the details :: transfer id - 383043042, Seller Id - 110, order_Id - 57 , Function transferMangoPayAmount()
[2018-08-22 20:09 Europe/Paris] MangopayTransferDetails Save Error : Error occured while making entry with the details :: transfer id - 383043050, Seller Id - 0, order_Id - 57 , Function transferMangoPayAmount()
[2018-09-03 21:38 Europe/Paris] MangopayTransferDetails Save Error : Error occured while making entry with the details :: transfer id - 389396155, Seller Id - 115, order_Id - 58 , Function transferMangoPayAmount()
[2018-09-03 21:38 Europe/Paris] MangopayTransferDetails Save Error : Error occured while making entry with the details :: transfer id - 389396162, Seller Id - 0, order_Id - 58 , Function transferMangoPayAmount()
[2018-09-05 07:57 Europe/Paris] MangopayTransferDetails Save Error : Error occured while making entry with the details :: transfer id - 390097314, Seller Id - 102, order_Id - 59 , Function transferMangoPayAmount()
[2018-10-03 15:24 Europe/Paris] MangopayTransferDetails Save Error : Error occured while making entry with the details :: transfer id - 407773242, Seller Id - 79, order_Id - 60 , Function transferMangoPayAmount()
[2018-10-03 15:24 Europe/Paris] MangopayTransferDetails Save Error : Error occured while making entry with the details :: transfer id - 407773245, Seller Id - 0, order_Id - 60 , Function transferMangoPayAmount()
[2018-10-05 17:39 Europe/Paris] MangopayTransferDetails Save Error : Error occured while making entry with the details :: transfer id - 409380738, Seller Id - 0, order_Id - 62 , Function transferMangoPayAmount()
[2018-10-06 18:41 Europe/Paris] MangopayTransferDetails Save Error : Error occured while making entry with the details :: transfer id - 410129816, Seller Id - 11, order_Id - 63 , Function transferMangoPayAmount()
[2018-10-06 18:41 Europe/Paris] MangopayTransferDetails Save Error : Error occured while making entry with the details :: transfer id - 410129818, Seller Id - 0, order_Id - 63 , Function transferMangoPayAmount()
[2018-10-11 10:21 Europe/Paris] MangopayTransferDetails Save Error : Error occured while making entry with the details :: transfer id - 413152727, Seller Id - 0, order_Id - 64 , Function transferMangoPayAmount()
[2018-10-11 17:57 Europe/Paris] MangopayTransferDetails Save Error : Error occured while making entry with the details :: transfer id - 413475268, Seller Id - 115, order_Id - 65 , Function transferMangoPayAmount()
[2018-10-11 17:57 Europe/Paris] MangopayTransferDetails Save Error : Error occured while making entry with the details :: transfer id - 413475274, Seller Id - 0, order_Id - 65 , Function transferMangoPayAmount()
[2020-07-17 15:39 Europe/Paris] Transaction Settlement Error : Error occurec while
                                            making entry with the details :: cart id - 1048534, Seller Id -
                                            232, Amount - 2.11, Currency Id -
                                            1 , Function settleSellerAmount()
[2020-11-16 16:33 Europe/Paris]  Errors on success.php :
{"line":25,"source":"<td class=\"right small\">{displayPrice currency=$payment->id_currency price=$payment->amount}<\/td>","desc":"unknown tag 'displayPrice'","template":"\/home\/clients\/76663a7e7ae45b0ffda64da0c4bb5c9b\/sites\/dev.beeshary.com\/modules\/mpsellerinvoice\/pdf\/invoice.payment-tab.tpl"}

[2020-12-22 15:17 Europe/Paris] MangopayTransferDetails Transfer Error : Error occured while creating the transfer :: transfer id - 1325915912, Seller Id - 0, order_Id - 392 , Function transferMangoPayAmount()
